1606854229864	geckodriver	INFO	Listening on 127.0.0.1:38583
1606854230872	mozrunner::runner	INFO	Running command: "/usr/bin/firefox" "--marionette" "-window-size=1980,1080" "-headless" "-foreground" "-no-remote" "-profile" "/tmp/rust_mozprofilemwqziU"
*** You are running in headless mode.
console.warn: SearchSettings: "get: No settings file exists, new profile?" (new Error("", "(unknown module)"))
1606854232877	Marionette	INFO	Listening on port 46311
1606854233005	Marionette	WARN	TLS certificate errors will be ignored for this session
1606854320190	geckodriver	INFO	Listening on 127.0.0.1:47917
1606854320196	mozrunner::runner	INFO	Running command: "/usr/bin/firefox" "--marionette" "-window-size=1980,1080" "-headless" "-foreground" "-no-remote" "-profile" "/tmp/rust_mozprofileynRAPj"
*** You are running in headless mode.
console.warn: SearchSettings: "get: No settings file exists, new profile?" (new Error("", "(unknown module)"))
1606854322005	Marionette	INFO	Listening on port 34299
1606854322122	Marionette	WARN	TLS certificate errors will be ignored for this session
1606854365249	geckodriver	INFO	Listening on 127.0.0.1:59393
1606854365255	mozrunner::runner	INFO	Running command: "/usr/bin/firefox" "--marionette" "-window-size=1980,1080" "-headless" "-foreground" "-no-remote" "-profile" "/tmp/rust_mozprofileXONMA9"
*** You are running in headless mode.
console.warn: SearchSettings: "get: No settings file exists, new profile?" (new Error("", "(unknown module)"))
1606854367014	Marionette	INFO	Listening on port 40381
1606854367129	Marionette	WARN	TLS certificate errors will be ignored for this session
JavaScript warning: moz-extension://99365a33-c5e6-44f7-92a7-a2226454a2d1/lib/adblockplus.js, line 0: Successfully compiled asm.js code (total compilation time 1ms)
JavaScript error: undefined, line 0: Error: frame.state is undefined
1606854424204	geckodriver	INFO	Listening on 127.0.0.1:51455
1606854424210	mozrunner::runner	INFO	Running command: "/usr/bin/firefox" "--marionette" "-window-size=1980,1080" "-headless" "-foreground" "-no-remote" "-profile" "/tmp/rust_mozprofilesShYET"
*** You are running in headless mode.
console.warn: SearchSettings: "get: No settings file exists, new profile?" (new Error("", "(unknown module)"))
1606854425965	Marionette	INFO	Listening on port 42535
1606854426043	Marionette	WARN	TLS certificate errors will be ignored for this session
JavaScript warning: moz-extension://cd9a3834-fb43-4595-b707-d07c927c29d3/lib/adblockplus.js, line 0: Successfully compiled asm.js code (total compilation time 1ms)
JavaScript error: undefined, line 0: Error: frame.state is undefined
1606854525416	geckodriver	INFO	Listening on 127.0.0.1:43507
1606854525422	mozrunner::runner	INFO	Running command: "/usr/bin/firefox" "--marionette" "-window-size=1980,1080" "-headless" "-foreground" "-no-remote" "-profile" "/tmp/rust_mozprofilePOzVo6"
*** You are running in headless mode.
console.warn: SearchSettings: "get: No settings file exists, new profile?" (new Error("", "(unknown module)"))
1606854527100	Marionette	INFO	Listening on port 45711
1606854527180	Marionette	WARN	TLS certificate errors will be ignored for this session
JavaScript warning: moz-extension://4484be01-4b26-4c71-a949-a0be8d55cb1b/lib/adblockplus.js, line 0: Successfully compiled asm.js code (total compilation time 1ms)
JavaScript error: undefined, line 0: Error: frame.state is undefined
1606854640843	geckodriver	INFO	Listening on 127.0.0.1:59509
1606854640849	mozrunner::runner	INFO	Running command: "/usr/bin/firefox" "--marionette" "-window-size=1980,1080" "-headless" "-foreground" "-no-remote" "-profile" "/tmp/rust_mozprofile0xKuad"
*** You are running in headless mode.
console.warn: SearchSettings: "get: No settings file exists, new profile?" (new Error("", "(unknown module)"))
1606854642571	Marionette	INFO	Listening on port 34877
1606854642677	Marionette	WARN	TLS certificate errors will be ignored for this session
JavaScript warning: moz-extension://aceb8d56-7ca6-469f-a681-9a1b8b566bab/lib/adblockplus.js, line 0: Successfully compiled asm.js code (total compilation time 1ms)
JavaScript error: undefined, line 0: Error: frame.state is undefined
1606854658650	Marionette	WARN	TimedPromise timed out after 500 ms: stacktrace:
TimedPromise/<@chrome://marionette/content/sync.js:228:19
TimedPromise@chrome://marionette/content/sync.js:213:10
interaction.flushEventLoop@chrome://marionette/content/interaction.js:418:10
webdriverClickElement@chrome://marionette/content/interaction.js:179:31
1606854728280	Marionette	INFO	Stopped listening on port 34877
JavaScript error: resource://gre/modules/ConduitsChild.jsm, line 108: Error: sendRemoveListener on closed conduit jid1-NIfFY2CA8fy1tg@jetpack.274877907087
1606855576717	geckodriver	INFO	Listening on 127.0.0.1:45171
1606855576723	mozrunner::runner	INFO	Running command: "/usr/bin/firefox" "--marionette" "-window-size=1980,1080" "-headless" "-foreground" "-no-remote" "-profile" "/tmp/rust_mozprofilepC4L9s"
*** You are running in headless mode.
console.warn: SearchSettings: "get: No settings file exists, new profile?" (new Error("", "(unknown module)"))
1606855578435	Marionette	INFO	Listening on port 36673
1606855578553	Marionette	WARN	TLS certificate errors will be ignored for this session
JavaScript warning: moz-extension://b7244baa-f2c7-49b5-b6c6-51634047270f/lib/adblockplus.js, line 0: Successfully compiled asm.js code (total compilation time 1ms)
JavaScript error: undefined, line 0: Error: frame.state is undefined
1606855592858	Marionette	INFO	Stopped listening on port 36673
JavaScript error: resource://gre/modules/ConduitsChild.jsm, line 108: Error: sendRemoveListener on closed conduit jid1-NIfFY2CA8fy1tg@jetpack.274877907087
1606855617610	geckodriver	INFO	Listening on 127.0.0.1:35947
1606855617616	mozrunner::runner	INFO	Running command: "/usr/bin/firefox" "--marionette" "-window-size=1980,1080" "-headless" "-foreground" "-no-remote" "-profile" "/tmp/rust_mozprofilev1fHdc"
*** You are running in headless mode.
console.warn: SearchSettings: "get: No settings file exists, new profile?" (new Error("", "(unknown module)"))
1606855619384	Marionette	INFO	Listening on port 35135
1606855619442	Marionette	WARN	TLS certificate errors will be ignored for this session
JavaScript warning: moz-extension://f3d9380e-273f-4b96-9d32-00555bde4aa7/lib/adblockplus.js, line 0: Successfully compiled asm.js code (total compilation time 1ms)
JavaScript error: undefined, line 0: Error: frame.state is undefined
1606855635817	Marionette	WARN	TimedPromise timed out after 500 ms: stacktrace:
TimedPromise/<@chrome://marionette/content/sync.js:228:19
TimedPromise@chrome://marionette/content/sync.js:213:10
interaction.flushEventLoop@chrome://marionette/content/interaction.js:418:10
webdriverClickElement@chrome://marionette/content/interaction.js:179:31
1606855705307	Marionette	INFO	Stopped listening on port 35135
JavaScript error: resource://gre/modules/ConduitsChild.jsm, line 108: Error: sendRemoveListener on closed conduit jid1-NIfFY2CA8fy1tg@jetpack.274877907087
1606855709359	geckodriver	INFO	Listening on 127.0.0.1:60579
1606855709365	mozrunner::runner	INFO	Running command: "/usr/bin/firefox" "--marionette" "-window-size=1980,1080" "-headless" "-foreground" "-no-remote" "-profile" "/tmp/rust_mozprofileq0dnlF"
*** You are running in headless mode.
console.warn: SearchSettings: "get: No settings file exists, new profile?" (new Error("", "(unknown module)"))
1606855711156	Marionette	INFO	Listening on port 33837
1606855711192	Marionette	WARN	TLS certificate errors will be ignored for this session
JavaScript warning: moz-extension://c154664d-8135-42c5-accc-820c30ad2d0b/lib/adblockplus.js, line 0: Successfully compiled asm.js code (total compilation time 1ms)
JavaScript error: undefined, line 0: Error: frame.state is undefined
1606855727213	Marionette	WARN	TimedPromise timed out after 500 ms: stacktrace:
TimedPromise/<@chrome://marionette/content/sync.js:228:19
TimedPromise@chrome://marionette/content/sync.js:213:10
interaction.flushEventLoop@chrome://marionette/content/interaction.js:418:10
webdriverClickElement@chrome://marionette/content/interaction.js:179:31
1606855796735	Marionette	INFO	Stopped listening on port 33837
JavaScript error: resource://gre/modules/ConduitsChild.jsm, line 108: Error: sendRemoveListener on closed conduit jid1-NIfFY2CA8fy1tg@jetpack.274877907087
1606856007959	geckodriver	INFO	Listening on 127.0.0.1:54475
1606856007964	mozrunner::runner	INFO	Running command: "/usr/bin/firefox" "--marionette" "-window-size=1980,1080" "-headless" "-foreground" "-no-remote" "-profile" "/tmp/rust_mozprofilecLWGm9"
*** You are running in headless mode.
console.warn: SearchSettings: "get: No settings file exists, new profile?" (new Error("", "(unknown module)"))
1606856009723	Marionette	INFO	Listening on port 33337
1606856009799	Marionette	WARN	TLS certificate errors will be ignored for this session
JavaScript warning: moz-extension://330e96ff-efbf-43d7-8f84-060129d4e4f8/lib/adblockplus.js, line 0: Successfully compiled asm.js code (total compilation time 1ms)
JavaScript error: undefined, line 0: Error: frame.state is undefined
1606856025017	Marionette	WARN	TimedPromise timed out after 500 ms: stacktrace:
TimedPromise/<@chrome://marionette/content/sync.js:228:19
TimedPromise@chrome://marionette/content/sync.js:213:10
interaction.flushEventLoop@chrome://marionette/content/interaction.js:418:10
webdriverClickElement@chrome://marionette/content/interaction.js:179:31
1606856094381	Marionette	INFO	Stopped listening on port 33337
JavaScript error: resource://gre/modules/ConduitsChild.jsm, line 108: Error: sendRemoveListener on closed conduit jid1-NIfFY2CA8fy1tg@jetpack.274877907087
1606856200020	geckodriver	INFO	Listening on 127.0.0.1:46165
1606856200025	mozrunner::runner	INFO	Running command: "/usr/bin/firefox" "--marionette" "-window-size=1980,1080" "-headless" "-foreground" "-no-remote" "-profile" "/tmp/rust_mozprofilekEBFhS"
*** You are running in headless mode.
console.warn: SearchSettings: "get: No settings file exists, new profile?" (new Error("", "(unknown module)"))
1606856201780	Marionette	INFO	Listening on port 40071
1606856201865	Marionette	WARN	TLS certificate errors will be ignored for this session
JavaScript warning: moz-extension://04e62cbc-20ab-4dc1-bfa4-7c08120f898a/lib/adblockplus.js, line 0: Successfully compiled asm.js code (total compilation time 1ms)
JavaScript error: undefined, line 0: Error: frame.state is undefined
1606856218977	Marionette	WARN	TimedPromise timed out after 500 ms: stacktrace:
TimedPromise/<@chrome://marionette/content/sync.js:228:19
TimedPromise@chrome://marionette/content/sync.js:213:10
interaction.flushEventLoop@chrome://marionette/content/interaction.js:418:10
webdriverClickElement@chrome://marionette/content/interaction.js:179:31
1606856289316	Marionette	INFO	Stopped listening on port 40071
JavaScript error: resource://gre/modules/ConduitsChild.jsm, line 108: Error: sendRemoveListener on closed conduit jid1-NIfFY2CA8fy1tg@jetpack.274877907087
1606860041641	geckodriver	INFO	Listening on 127.0.0.1:35691
1606860041645	mozrunner::runner	INFO	Running command: "/usr/bin/firefox" "--marionette" "-window-size=1980,1080" "-headless" "-foreground" "-no-remote" "-profile" "/tmp/rust_mozprofilexDRFk3"
*** You are running in headless mode.
console.warn: SearchSettings: "get: No settings file exists, new profile?" (new Error("", "(unknown module)"))
1606860043292	Marionette	INFO	Listening on port 40071
1606860043377	Marionette	WARN	TLS certificate errors will be ignored for this session
JavaScript warning: moz-extension://cc6f21e3-95b6-4357-9b3a-37790491ce87/lib/adblockplus.js, line 0: Successfully compiled asm.js code (total compilation time 1ms)
JavaScript error: undefined, line 0: Error: frame.state is undefined
1606860051439	Marionette	INFO	Stopped listening on port 40071
JavaScript error: resource://gre/modules/ConduitsChild.jsm, line 108: Error: sendRemoveListener on closed conduit jid1-NIfFY2CA8fy1tg@jetpack.274877907087
1606860214769	geckodriver	INFO	Listening on 127.0.0.1:33591
1606860214773	mozrunner::runner	INFO	Running command: "/usr/bin/firefox" "--marionette" "-window-size=1980,1080" "-headless" "-foreground" "-no-remote" "-profile" "/tmp/rust_mozprofilenDYTmE"
*** You are running in headless mode.
console.warn: SearchSettings: "get: No settings file exists, new profile?" (new Error("", "(unknown module)"))
1606860216514	Marionette	INFO	Listening on port 39371
1606860216644	Marionette	WARN	TLS certificate errors will be ignored for this session
JavaScript warning: moz-extension://67c04ed6-30e0-4f25-9295-21bed1469eba/lib/adblockplus.js, line 0: Successfully compiled asm.js code (total compilation time 1ms)
JavaScript error: undefined, line 0: Error: frame.state is undefined
1606860224728	Marionette	INFO	Stopped listening on port 39371
JavaScript error: resource://gre/modules/ConduitsChild.jsm, line 108: Error: sendRemoveListener on closed conduit jid1-NIfFY2CA8fy1tg@jetpack.274877907087
1606860285065	geckodriver	INFO	Listening on 127.0.0.1:59313
1606860285069	mozrunner::runner	INFO	Running command: "/usr/bin/firefox" "--marionette" "-window-size=1980,1080" "-headless" "-foreground" "-no-remote" "-profile" "/tmp/rust_mozprofileUdjKTd"
*** You are running in headless mode.
console.warn: SearchSettings: "get: No settings file exists, new profile?" (new Error("", "(unknown module)"))
1606860286891	Marionette	INFO	Listening on port 32971
1606860286998	Marionette	WARN	TLS certificate errors will be ignored for this session
JavaScript warning: moz-extension://b54b2f18-c421-4235-91fd-81293d8ff758/lib/adblockplus.js, line 0: Successfully compiled asm.js code (total compilation time 1ms)
JavaScript error: undefined, line 0: Error: frame.state is undefined
1606860308220	Marionette	INFO	Stopped listening on port 32971
JavaScript error: resource://gre/modules/ConduitsChild.jsm, line 108: Error: sendRemoveListener on closed conduit jid1-NIfFY2CA8fy1tg@jetpack.274877907087
1606860835669	geckodriver	INFO	Listening on 127.0.0.1:58415
1606860835674	mozrunner::runner	INFO	Running command: "/usr/bin/firefox" "--marionette" "-window-size=1980,1080" "-headless" "-foreground" "-no-remote" "-profile" "/tmp/rust_mozprofileTRUF3c"
*** You are running in headless mode.
console.warn: SearchSettings: "get: No settings file exists, new profile?" (new Error("", "(unknown module)"))
1606860837456	Marionette	INFO	Listening on port 36437
1606860837502	Marionette	WARN	TLS certificate errors will be ignored for this session
JavaScript warning: moz-extension://d1ab2050-bc3d-4478-b39d-f37c6869b8b2/lib/adblockplus.js, line 0: Successfully compiled asm.js code (total compilation time 1ms)
JavaScript error: undefined, line 0: Error: frame.state is undefined
1606860859675	Marionette	INFO	Stopped listening on port 36437
JavaScript error: resource://gre/modules/ConduitsChild.jsm, line 108: Error: sendRemoveListener on closed conduit jid1-NIfFY2CA8fy1tg@jetpack.274877907087
1606860947508	geckodriver	INFO	Listening on 127.0.0.1:38545
1606860947513	mozrunner::runner	INFO	Running command: "/usr/bin/firefox" "--marionette" "-window-size=1980,1080" "-headless" "-foreground" "-no-remote" "-profile" "/tmp/rust_mozprofile1WCVOB"
*** You are running in headless mode.
console.warn: SearchSettings: "get: No settings file exists, new profile?" (new Error("", "(unknown module)"))
1606860949282	Marionette	INFO	Listening on port 45135
1606860949350	Marionette	WARN	TLS certificate errors will be ignored for this session
JavaScript warning: moz-extension://d52bfa44-afba-4a60-b23d-ef0177cc9e3b/lib/adblockplus.js, line 0: Successfully compiled asm.js code (total compilation time 1ms)
JavaScript error: undefined, line 0: Error: frame.state is undefined
1606860970790	Marionette	INFO	Stopped listening on port 45135
JavaScript error: resource://gre/modules/ConduitsChild.jsm, line 108: Error: sendRemoveListener on closed conduit jid1-NIfFY2CA8fy1tg@jetpack.274877907087
1606861033501	geckodriver	INFO	Listening on 127.0.0.1:46825
1606861033505	mozrunner::runner	INFO	Running command: "/usr/bin/firefox" "--marionette" "-window-size=1980,1080" "-headless" "-foreground" "-no-remote" "-profile" "/tmp/rust_mozprofilewWS2Lw"
*** You are running in headless mode.
console.warn: SearchSettings: "get: No settings file exists, new profile?" (new Error("", "(unknown module)"))
1606861035461	Marionette	INFO	Listening on port 42469
1606861035540	Marionette	WARN	TLS certificate errors will be ignored for this session
JavaScript warning: moz-extension://a41cf980-00fb-4e7e-ab51-9f4a5a897941/lib/adblockplus.js, line 0: Successfully compiled asm.js code (total compilation time 1ms)
JavaScript error: undefined, line 0: Error: frame.state is undefined
1606861057775	Marionette	INFO	Stopped listening on port 42469
JavaScript error: resource://gre/modules/ConduitsChild.jsm, line 108: Error: sendRemoveListener on closed conduit jid1-NIfFY2CA8fy1tg@jetpack.274877907087
1606861148378	geckodriver	INFO	Listening on 127.0.0.1:43561
1606861148382	mozrunner::runner	INFO	Running command: "/usr/bin/firefox" "--marionette" "-window-size=1980,1080" "-headless" "-foreground" "-no-remote" "-profile" "/tmp/rust_mozprofileDvf6Ve"
*** You are running in headless mode.
console.warn: SearchSettings: "get: No settings file exists, new profile?" (new Error("", "(unknown module)"))
1606861150252	Marionette	INFO	Listening on port 32883
1606861150311	Marionette	WARN	TLS certificate errors will be ignored for this session
JavaScript warning: moz-extension://b998ff8c-dd60-4aca-9acc-9e085e57f9b6/lib/adblockplus.js, line 0: Successfully compiled asm.js code (total compilation time 1ms)
JavaScript error: undefined, line 0: Error: frame.state is undefined
1606861172833	Marionette	INFO	Stopped listening on port 32883
JavaScript error: resource://gre/modules/ConduitsChild.jsm, line 108: Error: sendRemoveListener on closed conduit jid1-NIfFY2CA8fy1tg@jetpack.274877907087
